[LOG] System::create                           : Header version = 2.02.19. Current version = 2.02.19.
[LOG] Manager::init                            : maxchannels = 256 studioflags = 00000006 flags 00000000 extradriverdata 0000000000000000.
[LOG] SystemI::init                            : Initialize version=20219 (137979), maxchannels=256, flags=0x00020000
[LOG] SystemI::setOutputInternal               : Setting output to 'FMOD WASAPI Output'
[LOG] OutputWASAPI::init                       : Mix Format (WAVEFORMATEX): wFormatTag=0xFFFE, nChannels=2, nSamplesPerSec=48000, nAvgBytesPerSec=384000, nBlockAlign=8, wBitsPerSample=32, cbSize=22.
[LOG] OutputWASAPI::init                       : Mix Format (WAVEFORMATEXTENSIBLE): wValidBitsPerSample=32, dwChannelMask=0x00000003, SubFormat=00000003-0000-0010-8000-00AA00389B71.
[LOG] OutputWASAPI::init                       : Output buffer size: 4096 samples, latency: 0.00ms, period: 10.00ms, DSP buffer: 1024 * 4
[LOG] Thread::initThread                       : Init FMOD stream thread. Affinity: 0x4000000000000003, Priority: 0xFFFF7FFB, Stack Size: 98304, Semaphore: No, Sleep Time: 10, Looping: Yes.
[LOG] Thread::initThread                       : Init FMOD mixer thread. Affinity: 0x4000000000000001, Priority: 0xFFFF7FFA, Stack Size: 81920, Semaphore: No, Sleep Time: 0, Looping: Yes.
[LOG] AsyncManager::init                       : manager 0000022C14BC8A58 isAsync 0 updatePeriod 0.02
[LOG] AsyncManager::init                       : done
[LOG] PlaybackSystem::init                     : 
[LOG] Thread::initThread                       : Init FMOD Studio sample load thread. Affinity: 0x4000000000000003, Priority: 0xFFFF7FFD, Stack Size: 98304, Semaphore: No, Sleep Time: 1, Looping: No.
[LOG] PlaybackSystem::init                     : done
[LOG] Thread::initThread                       : Init FMOD Studio bank load thread. Affinity: 0x4000000000000003, Priority: 0xFFFF7FFD, Stack Size: 98304, Semaphore: No, Sleep Time: 1, Looping: No.
[LOG] Manager::init                            : done.
[LOG] Manager::readBank                        : fileversion = 142, compatVersion = 140 (oldest = 44, newest = 142)
[LOG] Manager::readBank                        : fileversion = 142, compatVersion = 140 (oldest = 44, newest = 142)
[LOG] Manager::readBank                        : fileversion = 142, compatVersion = 140 (oldest = 44, newest = 142)
[LOG] PlaybackSystem::acquireMasterBus         : Setting master channel group format to 6
[LOG] SystemI::createSound                     : filename = FMOD/Project Context II/Build/Desktop/Master.bank : mode 02010082
[LOG] SystemI::createSound                     : FMOD_NONBLOCKING specified.  Putting into queue to be opened asynchronously!
[LOG] AsyncThread::add                         : add sound to async queue : soundi = 0000022C115031D8, queue head = 0000022BD240F9A8, queue count = 0
[LOG] AsyncThread::threadFunc                  : Starting Asynchronous operation on sound 0000022C115031D8
[LOG] SystemI::createSoundInternal             :     Create name='FMOD/Project Context II/Build/Desktop/Master.bank', mode=0x02010082
[LOG] SystemI::createSoundInternal             :     exinfo->cbsize             = 224
[LOG] SystemI::createSoundInternal             :     exinfo->length             = 7400384
[LOG] SystemI::createSoundInternal             :     exinfo->fileoffset         = 16320
[LOG] SystemI::createSoundInternal             :     exinfo->numsubsounds       = 1
[LOG] SystemI::createSoundInternal             :     exinfo->inclusionlist      = 0000022C1204E4A0
[LOG] SystemI::createSoundInternal             :     exinfo->inclusionlistnum   = 1
[LOG] SystemI::createSoundInternal             :     exinfo->suggestedsoundtype = 5
[LOG] SystemI::createSoundInternal             :     exinfo->initialseekposition = 888
[LOG] SystemI::createSoundInternal             :     exinfo->initialseekpostype = 1
[LOG] SystemI::createSoundInternal             :     Stream 0/1: name='fingertips', format=5, channels=2, frequency=48000, lengthbytes=100160, lengthpcm=512640, pcmblocksize=0, loopstart=0, loopend=0, mode=0x00000000, channelmask=0x00000000, channelorder=0, peakvolume=0.258942.
[LOG] AsyncThread::threadFunc                  : Finished Asynchronous operation on sound 0000022C115031D8
[LOG] SystemI::createSoundInternal             : Create name='', mode=0x02000202
[LOG] SystemI::createSoundInternal             : exinfo->cbsize             = 224
[LOG] SystemI::createSoundInternal             : exinfo->length             = 7400384
[LOG] SystemI::createSoundInternal             : exinfo->fileoffset         = 16320
[LOG] SystemI::createSoundInternal             : exinfo->numsubsounds       = 1
[LOG] SystemI::createSoundInternal             : exinfo->inclusionlist      = 0000006B67BFF5C8
[LOG] SystemI::createSoundInternal             : exinfo->inclusionlistnum   = 1
[LOG] SystemI::createSoundInternal             : exinfo->suggestedsoundtype = 5
[LOG] SystemI::createSoundInternal             : exinfo->useropen           = 00007FF9E3DC3F70
[LOG] SystemI::createSoundInternal             : exinfo->userclose          = 00007FF9E3DC3F30
[LOG] SystemI::createSoundInternal             : exinfo->userread           = 00007FF9E3DC4050
[LOG] SystemI::createSoundInternal             : exinfo->userseek           = 00007FF9E3DC4110
[LOG] SystemI::createSoundInternal             : exinfo->fileuserdata       = 00000228235BD548
[LOG] SystemI::createSoundInternal             : exinfo->initialseekpostype = 1
[LOG] SystemI::DSPCodecPoolRegister            : register codec pool for pool type 5
[LOG] SystemI::createSoundInternal             : Sample 0/1: name='keyClick02073871', format=5, channels=2, frequency=48000, lengthbytes=3968, lengthpcm=12672, pcmblocksize=0, loopstart=0, loopend=0, mode=0x00000000, channelmask=0x00000000, channelorder=0, peakvolume=0.332428.
[LOG] SystemI::createSoundInternal             : Create name='', mode=0x02000202
[LOG] SystemI::createSoundInternal             : exinfo->cbsize             = 224
[LOG] SystemI::createSoundInternal             : exinfo->length             = 7400384
[LOG] SystemI::createSoundInternal             : exinfo->fileoffset         = 16320
[LOG] SystemI::createSoundInternal             : exinfo->numsubsounds       = 1
[LOG] SystemI::createSoundInternal             : exinfo->inclusionlist      = 0000006B67BFF5C8
[LOG] SystemI::createSoundInternal             : exinfo->inclusionlistnum   = 1
[LOG] SystemI::createSoundInternal             : exinfo->suggestedsoundtype = 5
[LOG] SystemI::createSoundInternal             : exinfo->useropen           = 00007FF9E3DC3F70
[LOG] SystemI::createSoundInternal             : exinfo->userclose          = 00007FF9E3DC3F30
[LOG] SystemI::createSoundInternal             : exinfo->userread           = 00007FF9E3DC4050
[LOG] SystemI::createSoundInternal             : exinfo->userseek           = 00007FF9E3DC4110
[LOG] SystemI::createSoundInternal             : exinfo->fileuserdata       = 00000228235BD548
[LOG] SystemI::createSoundInternal             : exinfo->initialseekpostype = 1
[LOG] SystemI::DSPCodecPoolRegister            : register codec pool for pool type 5
[LOG] SystemI::createSoundInternal             : Sample 0/1: name='keyClick02073625', format=5, channels=2, frequency=48000, lengthbytes=4384, lengthpcm=14976, pcmblocksize=0, loopstart=0, loopend=0, mode=0x00000000, channelmask=0x00000000, channelorder=0, peakvolume=0.467804.
[LOG] SystemI::createSoundInternal             : Create name='', mode=0x02000202
[LOG] SystemI::createSoundInternal             : exinfo->cbsize             = 224
[LOG] SystemI::createSoundInternal             : exinfo->length             = 7400384
[LOG] SystemI::createSoundInternal             : exinfo->fileoffset         = 16320
[LOG] SystemI::createSoundInternal             : exinfo->numsubsounds       = 1
[LOG] SystemI::createSoundInternal             : exinfo->inclusionlist      = 0000006B67BFF5C8
[LOG] SystemI::createSoundInternal             : exinfo->inclusionlistnum   = 1
[LOG] SystemI::createSoundInternal             : exinfo->suggestedsoundtype = 5
[LOG] SystemI::createSoundInternal             : exinfo->useropen           = 00007FF9E3DC3F70
[LOG] SystemI::createSoundInternal             : exinfo->userclose          = 00007FF9E3DC3F30
[LOG] SystemI::createSoundInternal             : exinfo->userread           = 00007FF9E3DC4050
[LOG] SystemI::createSoundInternal             : exinfo->userseek           = 00007FF9E3DC4110
[LOG] SystemI::createSoundInternal             : exinfo->fileuserdata       = 00000228235BD548
[LOG] SystemI::createSoundInternal             : exinfo->initialseekpostype = 1
[LOG] SystemI::DSPCodecPoolRegister            : register codec pool for pool type 5
[LOG] SystemI::createSoundInternal             : Sample 0/1: name='keyClick02073924', format=5, channels=2, frequency=48000, lengthbytes=4096, lengthpcm=12672, pcmblocksize=0, loopstart=0, loopend=0, mode=0x00000000, channelmask=0x00000000, channelorder=0, peakvolume=0.330231.
[LOG] SystemI::createSoundInternal             : Create name='', mode=0x02000202
[LOG] SystemI::createSoundInternal             : exinfo->cbsize             = 224
[LOG] SystemI::createSoundInternal             : exinfo->length             = 7400384
[LOG] SystemI::createSoundInternal             : exinfo->fileoffset         = 16320
[LOG] SystemI::createSoundInternal             : exinfo->numsubsounds       = 1
[LOG] SystemI::createSoundInternal             : exinfo->inclusionlist      = 0000006B67BFF5C8
[LOG] SystemI::createSoundInternal             : exinfo->inclusionlistnum   = 1
[LOG] SystemI::createSoundInternal             : exinfo->suggestedsoundtype = 5
[LOG] SystemI::createSoundInternal             : exinfo->useropen           = 00007FF9E3DC3F70
[LOG] SystemI::createSoundInternal             : exinfo->userclose          = 00007FF9E3DC3F30
[LOG] SystemI::createSoundInternal             : exinfo->userread           = 00007FF9E3DC4050
[LOG] SystemI::createSoundInternal             : exinfo->userseek           = 00007FF9E3DC4110
[LOG] SystemI::createSoundInternal             : exinfo->fileuserdata       = 00000228235BD548
[LOG] SystemI::createSoundInternal             : exinfo->initialseekpostype = 1
[LOG] SystemI::DSPCodecPoolRegister            : register codec pool for pool type 5
[LOG] SystemI::createSoundInternal             : Sample 0/1: name='keyClick02073676', format=5, channels=2, frequency=48000, lengthbytes=3840, lengthpcm=12672, pcmblocksize=0, loopstart=0, loopend=0, mode=0x00000000, channelmask=0x00000000, channelorder=0, peakvolume=0.159882.
[LOG] SystemI::createSoundInternal             : Create name='', mode=0x02000202
[LOG] SystemI::createSoundInternal             : exinfo->cbsize             = 224
[LOG] SystemI::createSoundInternal             : exinfo->length             = 7400384
[LOG] SystemI::createSoundInternal             : exinfo->fileoffset         = 16320
[LOG] SystemI::createSoundInternal             : exinfo->numsubsounds       = 1
[LOG] SystemI::createSoundInternal             : exinfo->inclusionlist      = 0000006B67BFF5C8
[LOG] SystemI::createSoundInternal             : exinfo->inclusionlistnum   = 1
[LOG] SystemI::createSoundInternal             : exinfo->suggestedsoundtype = 5
[LOG] SystemI::createSoundInternal             : exinfo->useropen           = 00007FF9E3DC3F70
[LOG] SystemI::createSoundInternal             : exinfo->userclose          = 00007FF9E3DC3F30
[LOG] SystemI::createSoundInternal             : exinfo->userread           = 00007FF9E3DC4050
[LOG] SystemI::createSoundInternal             : exinfo->userseek           = 00007FF9E3DC4110
[LOG] SystemI::createSoundInternal             : exinfo->fileuserdata       = 00000228235BD548
[LOG] SystemI::createSoundInternal             : exinfo->initialseekpostype = 1
[LOG] SystemI::DSPCodecPoolRegister            : register codec pool for pool type 5
[LOG] SystemI::createSoundInternal             : Sample 0/1: name='keyClick02074056', format=5, channels=2, frequency=48000, lengthbytes=4512, lengthpcm=14976, pcmblocksize=0, loopstart=0, loopend=0, mode=0x00000000, channelmask=0x00000000, channelorder=0, peakvolume=0.921844.
[LOG] SystemI::createSoundInternal             : Create name='', mode=0x02000202
[LOG] SystemI::createSoundInternal             : exinfo->cbsize             = 224
[LOG] SystemI::createSoundInternal             : exinfo->length             = 7400384
[LOG] SystemI::createSoundInternal             : exinfo->fileoffset         = 16320
[LOG] SystemI::createSoundInternal             : exinfo->numsubsounds       = 1
[LOG] SystemI::createSoundInternal             : exinfo->inclusionlist      = 0000006B67BFF5C8
[LOG] SystemI::createSoundInternal             : exinfo->inclusionlistnum   = 1
[LOG] SystemI::createSoundInternal             : exinfo->suggestedsoundtype = 5
[LOG] SystemI::createSoundInternal             : exinfo->useropen           = 00007FF9E3DC3F70
[LOG] SystemI::createSoundInternal             : exinfo->userclose          = 00007FF9E3DC3F30
[LOG] SystemI::createSoundInternal             : exinfo->userread           = 00007FF9E3DC4050
[LOG] SystemI::createSoundInternal             : exinfo->userseek           = 00007FF9E3DC4110
[LOG] SystemI::createSoundInternal             : exinfo->fileuserdata       = 00000228235BD548
[LOG] SystemI::createSoundInternal             : exinfo->initialseekpostype = 1
[LOG] SystemI::DSPCodecPoolRegister            : register codec pool for pool type 5
[LOG] SystemI::createSoundInternal             : Sample 0/1: name='keyClick02073746', format=5, channels=2, frequency=48000, lengthbytes=4384, lengthpcm=14976, pcmblocksize=0, loopstart=0, loopend=0, mode=0x00000000, channelmask=0x00000000, channelorder=0, peakvolume=0.162689.
[LOG] SystemI::createSoundInternal             : Create name='', mode=0x02000202
[LOG] SystemI::createSoundInternal             : exinfo->cbsize             = 224
[LOG] SystemI::createSoundInternal             : exinfo->length             = 7400384
[LOG] SystemI::createSoundInternal             : exinfo->fileoffset         = 16320
[LOG] SystemI::createSoundInternal             : exinfo->numsubsounds       = 1
[LOG] SystemI::createSoundInternal             : exinfo->inclusionlist      = 0000006B67BFF5C8
[LOG] SystemI::createSoundInternal             : exinfo->inclusionlistnum   = 1
[LOG] SystemI::createSoundInternal             : exinfo->suggestedsoundtype = 5
[LOG] SystemI::createSoundInternal             : exinfo->useropen           = 00007FF9E3DC3F70
[LOG] SystemI::createSoundInternal             : exinfo->userclose          = 00007FF9E3DC3F30
[LOG] SystemI::createSoundInternal             : exinfo->userread           = 00007FF9E3DC4050
[LOG] SystemI::createSoundInternal             : exinfo->userseek           = 00007FF9E3DC4110
[LOG] SystemI::createSoundInternal             : exinfo->fileuserdata       = 00000228235BD548
[LOG] SystemI::createSoundInternal             : exinfo->initialseekpostype = 1
[LOG] SystemI::DSPCodecPoolRegister            : register codec pool for pool type 5
[LOG] SystemI::createSoundInternal             : Sample 0/1: name='keyClick02073978', format=5, channels=2, frequency=48000, lengthbytes=3872, lengthpcm=12672, pcmblocksize=0, loopstart=0, loopend=0, mode=0x00000000, channelmask=0x00000000, channelorder=0, peakvolume=0.436371.
[LOG] SystemI::createSoundInternal             : Create name='', mode=0x02000202
[LOG] SystemI::createSoundInternal             : exinfo->cbsize             = 224
[LOG] SystemI::createSoundInternal             : exinfo->length             = 7400384
[LOG] SystemI::createSoundInternal             : exinfo->fileoffset         = 16320
[LOG] SystemI::createSoundInternal             : exinfo->numsubsounds       = 1
[LOG] SystemI::createSoundInternal             : exinfo->inclusionlist      = 0000006B67BFF5C8
[LOG] SystemI::createSoundInternal             : exinfo->inclusionlistnum   = 1
[LOG] SystemI::createSoundInternal             : exinfo->suggestedsoundtype = 5
[LOG] SystemI::createSoundInternal             : exinfo->useropen           = 00007FF9E3DC3F70
[LOG] SystemI::createSoundInternal             : exinfo->userclose          = 00007FF9E3DC3F30
[LOG] SystemI::createSoundInternal             : exinfo->userread           = 00007FF9E3DC4050
[LOG] SystemI::createSoundInternal             : exinfo->userseek           = 00007FF9E3DC4110
[LOG] SystemI::createSoundInternal             : exinfo->fileuserdata       = 00000228235BD548
[LOG] SystemI::createSoundInternal             : exinfo->initialseekpostype = 1
[LOG] SystemI::DSPCodecPoolRegister            : register codec pool for pool type 5
[LOG] SystemI::createSoundInternal             : Sample 0/1: name='keyClick02073812', format=5, channels=2, frequency=48000, lengthbytes=4416, lengthpcm=14976, pcmblocksize=0, loopstart=0, loopend=0, mode=0x00000000, channelmask=0x00000000, channelorder=0, peakvolume=0.178375.
[LOG] SystemI::createSoundInternal             : Create name='', mode=0x02000202
[LOG] SystemI::createSoundInternal             : exinfo->cbsize             = 224
[LOG] SystemI::createSoundInternal             : exinfo->length             = 7400384
[LOG] SystemI::createSoundInternal             : exinfo->fileoffset         = 16320
[LOG] SystemI::createSoundInternal             : exinfo->numsubsounds       = 1
[LOG] SystemI::createSoundInternal             : exinfo->inclusionlist      = 0000006B67BFF5C8
[LOG] SystemI::createSoundInternal             : exinfo->inclusionlistnum   = 1
[LOG] SystemI::createSoundInternal             : exinfo->suggestedsoundtype = 5
[LOG] SystemI::createSoundInternal             : exinfo->useropen           = 00007FF9E3DC3F70
[LOG] SystemI::createSoundInternal             : exinfo->userclose          = 00007FF9E3DC3F30
[LOG] SystemI::createSoundInternal             : exinfo->userread           = 00007FF9E3DC4050
[LOG] SystemI::createSoundInternal             : exinfo->userseek           = 00007FF9E3DC4110
[LOG] SystemI::createSoundInternal             : exinfo->fileuserdata       = 00000228235BDF98
[LOG] SystemI::createSoundInternal             : exinfo->initialseekpostype = 1
[LOG] SystemI::DSPCodecPoolRegister            : register codec pool for pool type 5
[LOG] SystemI::createSoundInternal             : Sample 0/1: name='Mail good', format=5, channels=2, frequency=48000, lengthbytes=17504, lengthpcm=96000, pcmblocksize=0, loopstart=0, loopend=0, mode=0x00000000, channelmask=0x00000000, channelorder=0, peakvolume=0.254525.
[LOG] SystemI::createSoundInternal             : Create name='', mode=0x02000202
[LOG] SystemI::createSoundInternal             : exinfo->cbsize             = 224
[LOG] SystemI::createSoundInternal             : exinfo->length             = 7400384
[LOG] SystemI::createSoundInternal             : exinfo->fileoffset         = 16320
[LOG] SystemI::createSoundInternal             : exinfo->numsubsounds       = 1
[LOG] SystemI::createSoundInternal             : exinfo->inclusionlist      = 0000006B67BFF5C8
[LOG] SystemI::createSoundInternal             : exinfo->inclusionlistnum   = 1
[LOG] SystemI::createSoundInternal             : exinfo->suggestedsoundtype = 5
[LOG] SystemI::createSoundInternal             : exinfo->useropen           = 00007FF9E3DC3F70
[LOG] SystemI::createSoundInternal             : exinfo->userclose          = 00007FF9E3DC3F30
[LOG] SystemI::createSoundInternal             : exinfo->userread           = 00007FF9E3DC4050
[LOG] SystemI::createSoundInternal             : exinfo->userseek           = 00007FF9E3DC4110
[LOG] SystemI::createSoundInternal             : exinfo->fileuserdata       = 00000228235BDB78
[LOG] SystemI::createSoundInternal             : exinfo->initialseekpostype = 1
[LOG] SystemI::DSPCodecPoolRegister            : register codec pool for pool type 5
[LOG] SystemI::createSoundInternal             : Sample 0/1: name='windows_click', format=5, channels=2, frequency=48000, lengthbytes=1312, lengthpcm=5015, pcmblocksize=0, loopstart=0, loopend=0, mode=0x00000000, channelmask=0x00000000, channelorder=0, peakvolume=0.029205.
[LOG] SoundI::release                          : fingertips (0000022C115031D8)
[LOG] SoundI::release                          :     fingertips (0000022BD2177F48)
[LOG] SoundI::release                          :     fingertips (0000022C11507558)
[LOG] SystemI::createSoundInternal             : Create name='', mode=0x02000202
[LOG] SystemI::createSoundInternal             : exinfo->cbsize             = 224
[LOG] SystemI::createSoundInternal             : exinfo->length             = 7400384
[LOG] SystemI::createSoundInternal             : exinfo->fileoffset         = 16320
[LOG] SystemI::createSoundInternal             : exinfo->numsubsounds       = 1
[LOG] SystemI::createSoundInternal             : exinfo->inclusionlist      = 0000006B67BFF5C8
[LOG] SystemI::createSoundInternal             : exinfo->inclusionlistnum   = 1
[LOG] SystemI::createSoundInternal             : exinfo->suggestedsoundtype = 5
[LOG] SystemI::createSoundInternal             : exinfo->useropen           = 00007FF9E3DC3F70
[LOG] SystemI::createSoundInternal             : exinfo->userclose          = 00007FF9E3DC3F30
[LOG] SystemI::createSoundInternal             : exinfo->userread           = 00007FF9E3DC4050
[LOG] SystemI::createSoundInternal             : exinfo->userseek           = 00007FF9E3DC4110
[LOG] SystemI::createSoundInternal             : exinfo->fileuserdata       = 0000022BD7DD6258
[LOG] SystemI::createSoundInternal             : exinfo->initialseekpostype = 1
[LOG] SystemI::DSPCodecPoolRegister            : register codec pool for pool type 5
[LOG] SystemI::createSoundInternal             : Sample 0/1: name='VoiceOvers00086556', format=5, channels=2, frequency=48000, lengthbytes=57632, lengthpcm=290304, pcmblocksize=0, loopstart=0, loopend=0, mode=0x00000000, channelmask=0x00000000, channelorder=0, peakvolume=0.152985.
[LOG] SoundI::release                          : Opzetje city manager Background MET FILTER (0000022C1151B448)
[LOG] SoundI::release                          :     Opzetje city manager Background MET FILTER (0000022BD236F0A8)
[LOG] SoundI::release                          :     Opzetje city manager Background MET FILTER (0000022C1151CF48)
[LOG] SoundI::release                          : Ambience, Room Tone, Small Room, Heating Pipe, Resonance, Tonal Noise (LCR) SND36939 (0000022C1151ABD8)
[LOG] SoundI::release                          :     Ambience, Room Tone, Small Room, Heating Pipe, Resonance, Tonal Noise (LCR) SND36939 (0000022BD236F728)
[LOG] SoundI::release                          :     Ambience, Room Tone, Small Room, Heating Pipe, Resonance, Tonal Noise (LCR) SND36939 (0000022C11516D68)
[LOG] SoundI::release                          :  (0000022AF68FD7B8)
[LOG] SoundI::release                          :     keyClick02073625 (0000022BDD0653D8)
[LOG] SoundI::release                          :  (0000022AF68FAE08)
[LOG] SoundI::release                          :     keyClick02073676 (0000022A779976F8)
[LOG] SoundI::release                          :  (0000022AF68FB0E8)
[LOG] SoundI::release                          :     keyClick02073746 (0000022A77997BD8)
[LOG] SoundI::release                          :  (0000022AF68FB818)
[LOG] SoundI::release                          :     keyClick02073812 (0000022A779973B8)
[LOG] SoundI::release                          :  (0000022AF68FCAC8)
[LOG] SoundI::release                          :     keyClick02073871 (0000022BDD065718)
[LOG] SoundI::release                          :  (0000022AF68FB6A8)
[LOG] SoundI::release                          :     keyClick02073924 (0000022BDD065238)
[LOG] SoundI::release                          :  (0000022AF68FCC38)
[LOG] SoundI::release                          :     keyClick02073978 (0000022A77997078)
[LOG] SoundI::release                          :  (0000022AF68FDA98)
[LOG] SoundI::release                          :     keyClick02074056 (0000022A77997558)
[LOG] SoundI::release                          :  (0000022AF68FDC08)
[LOG] SoundI::release                          :     windows_click (0000022BE8C60138)
[LOG] SoundI::release                          :  (0000022AF68FCDA8)
[LOG] SoundI::release                          :     Mail good (0000022BE8C5FF98)
[LOG] SoundI::release                          :  (0000022AF68EA868)
[LOG] SoundI::release                          :     welcome to (0000022BDD065578)
[LOG] SoundI::release                          :  (0000022AF68E1008)
[LOG] SoundI::release                          :     VoiceOvers00086556 (0000022A6D4AED18)
[LOG] Thread::callback                         : FMOD Studio update thread finished.
[LOG] Thread::callback                         : FMOD Studio bank load thread finished.
[LOG] Profile::disconnectAll                   : Profiler disconnecting all clients
[LOG] Thread::callback                         : FMOD Studio sample load thread finished.
[LOG] LiveUpdate::release                      : 
[LOG] LiveUpdate::reset                        : Reset connection (reason Disconnected)
[LOG] Thread::callback                         : FMOD stream thread finished.
[LOG] Thread::callback                         : FMOD mixer thread finished.
[LOG] Profile::disconnectAll                   : Profiler disconnecting all clients
[LOG] SystemI::close                           : Closed.
